<?xml version="1.0" encoding="UTF-8"?>
<!-- Generated by org.testng.reporters.JUnitReportReporter -->
<testsuite hostname="Junnies-MacBook-Air.local" failures="0" tests="1" name="automation.testsuite.Day14_btvn_Alada_EditInfo" time="43.581" errors="0" timestamp="2025-02-27T00:28:55 MYT" skipped="0">
  <testcase classname="automation.testsuite.Day14_btvn_Alada_EditInfo" name="LoginNewPasswordSuccessfully" time="43.581"/>
  <system-out/>
</testsuite> <!-- automation.testsuite.Day14_btvn_Alada_EditInfo -->
