<?xml version="1.0" encoding="UTF-8"?>
<!-- Generated by org.testng.reporters.JUnitReportReporter -->
<testsuite hostname="Junnies-MacBook-Air.local" failures="0" tests="1" name="automation.testsuite.Day16_Alert_Test" time="45.127" errors="0" timestamp="2025-03-09T16:14:21 MYT" skipped="0">
  <testcase classname="automation.testsuite.Day16_Alert_Test" name="pressCancelButton" time="45.127"/>
  <system-out/>
</testsuite> <!-- automation.testsuite.Day16_Alert_Test -->
