<?xml version="1.0" encoding="UTF-8"?>
<!-- Generated by org.testng.reporters.JUnitReportReporter -->
<testsuite hostname="Junnies-MacBook-Air.local" failures="0" tests="1" name="automation.testsuite.Day16_QuanLyKLV_Test" time="6.281" errors="0" timestamp="2025-03-11T21:33:51 MYT" skipped="0">
  <testcase classname="automation.testsuite.Day16_QuanLyKLV_Test" name="addKLV_unsuccessfully_TH3" time="6.281"/>
  <system-out/>
</testsuite> <!-- automation.testsuite.Day16_QuanLyKLV_Test -->
