<?xml version="1.0" encoding="UTF-8"?>
<!-- Generated by org.testng.reporters.JUnitReportReporter -->
<testsuite hostname="Junnies-MacBook-Air.local" failures="0" tests="1" name="automation.testsuite.Day17_Popup_Test" time="7.093" errors="0" timestamp="2025-03-09T21:12:09 MYT" skipped="0">
  <testcase classname="automation.testsuite.Day17_Popup_Test" name="testPopup" time="7.093"/>
  <system-out/>
</testsuite> <!-- automation.testsuite.Day17_Popup_Test -->
