<?xml version="1.0" encoding="UTF-8"?>
<!-- Generated by org.testng.reporters.JUnitReportReporter -->
<testsuite hostname="Junnies-MacBook-Air.local" failures="0" tests="4" name="automation.testsuite.Day16_Alert_Test" time="106.022" errors="0" timestamp="2025-03-23T16:19:42 MYT" skipped="0">
  <testcase classname="automation.testsuite.Day16_Alert_Test" name="pressOKButton" time="6.346"/>
  <system-out/>
  <testcase classname="automation.testsuite.Day16_Alert_Test" name="pressOKButton" time="5.951"/>
  <system-out/>
  <testcase classname="automation.testsuite.Day16_Alert_Test" name="pressCancelButton" time="46.777"/>
  <system-out/>
  <testcase classname="automation.testsuite.Day16_Alert_Test" name="pressCancelButton" time="46.948"/>
  <system-out/>
</testsuite> <!-- automation.testsuite.Day16_Alert_Test -->
