<?xml version="1.0" encoding="UTF-8"?>
<!-- Generated by org.testng.reporters.JUnitReportReporter -->
<testsuite hostname="Junnies-MacBook-Air.local" failures="0" tests="1" name="automation.testsuite.Day19_FinalProject" time="6.098" errors="0" timestamp="2025-03-30T18:47:36 ICT" skipped="0">
  <testcase classname="automation.testsuite.Day19_FinalProject" name="searchKLV_unsuccessfully" time="6.098"/>
  <system-out/>
</testsuite> <!-- automation.testsuite.Day19_FinalProject -->
