<?xml version="1.0" encoding="UTF-8"?>
<!-- Generated by org.testng.reporters.JUnitReportReporter -->
<testsuite hostname="Junnies-MacBook-Air.local" failures="0" tests="3" name="automation.testsuite.Alada_LoginTest" time="157.768" errors="0" timestamp="2025-02-19T22:44:34 MYT" skipped="0">
  <testcase classname="automation.testsuite.Alada_LoginTest" name="loginFail_IncorrectPass" time="52.460"/>
  <system-out/>
  <testcase classname="automation.testsuite.Alada_LoginTest" name="loginSuccessfully" time="53.058"/>
  <system-out/>
  <testcase classname="automation.testsuite.Alada_LoginTest" name="loginFail_IncorrectEmail" time="52.250"/>
  <system-out/>
</testsuite> <!-- automation.testsuite.Alada_LoginTest -->
