<?xml version="1.0" encoding="UTF-8"?>
<!-- Generated by org.testng.reporters.JUnitReportReporter -->
<testsuite hostname="Junnies-MacBook-Air.local" failures="0" tests="1" name="automation.testsuite.Day15_DatePicker_input" time="5.536" errors="0" timestamp="2025-03-08T16:57:16 MYT" skipped="0">
  <testcase classname="automation.testsuite.Day15_DatePicker_input" name="typeToDatePicker" time="5.536"/>
  <system-out/>
</testsuite> <!-- automation.testsuite.Day15_DatePicker_input -->
