<?xml version="1.0" encoding="UTF-8"?>
<!-- Generated by org.testng.reporters.JUnitReportReporter -->
<testsuite hostname="Junnies-MacBook-Air.local" failures="0" tests="1" name="automation.testsuite.Day16_QuanLyKLV_Test" time="5.055" errors="0" timestamp="2025-03-09T18:25:21 MYT" skipped="0">
  <testcase classname="automation.testsuite.Day16_QuanLyKLV_Test" name="addKLV_successfully" time="5.055"/>
  <system-out/>
</testsuite> <!-- automation.testsuite.Day16_QuanLyKLV_Test -->
