<?xml version="1.0" encoding="UTF-8"?>
<!-- Generated by org.testng.reporters.JUnitReportReporter -->
<testsuite hostname="Junnies-MacBook-Air.local" failures="0" tests="1" name="automation.testsuite.Rise_LoginTest" time="53.421" errors="0" timestamp="2025-02-19T22:05:17 MYT" skipped="0">
  <testcase classname="automation.testsuite.Rise_LoginTest" name="loginSuccessfully" time="53.421"/>
  <system-out/>
</testsuite> <!-- automation.testsuite.Rise_LoginTest -->
