<?xml version="1.0" encoding="UTF-8"?>
<!-- Generated by org.testng.reporters.JUnitReportReporter -->
<testsuite hostname="Junnies-MacBook-Air.local" failures="0" tests="1" name="automation.testsuite.Day12_Dropdownlist" time="28.059" errors="0" timestamp="2025-02-16T22:15:10 MYT" skipped="0">
  <testcase classname="automation.testsuite.Day12_Dropdownlist" name="chooseAWSOption" time="28.059"/>
  <system-out/>
</testsuite> <!-- automation.testsuite.Day12_Dropdownlist -->
