<?xml version="1.0" encoding="UTF-8"?>
<!-- Generated by org.testng.reporters.JUnitReportReporter -->
<testsuite hostname="Junnies-MacBook-Air.local" failures="0" tests="11" name="automation.testsuite.Day16_QuanLyKLV_Test" time="29.959" errors="1" timestamp="2025-03-23T16:19:42 MYT" skipped="5">
  <testcase classname="automation.testsuite.Day16_QuanLyKLV_Test" name="openBrowser" time="0.008">
    <error message="Unable to obtain: msedgedriver, error msedgedriver must be executable: /Users/lejunnie/AutoTestClass_12/Test_Project/driver/msedgedriver
For documentation on this error, please visit: https://www.selenium.dev/documentation/webdriver/troubleshooting/errors/driver_location/
Build info: version: &#039;4.28.0&#039;, revision: &#039;ac342546e9&#039;
System info: os.name: &#039;Mac OS X&#039;, os.arch: &#039;aarch64&#039;, os.version: &#039;15.3.2&#039;, java.version: &#039;11.0.24&#039;
Driver info: driver.version: EdgeDriver" type="org.openqa.selenium.remote.NoSuchDriverException">
      <![CDATA[org.openqa.selenium.remote.NoSuchDriverException: Unable to obtain: msedgedriver, error msedgedriver must be executable: /Users/lejunnie/AutoTestClass_12/Test_Project/driver/msedgedriver
For documentation on this error, please visit: https://www.selenium.dev/documentation/webdriver/troubleshooting/errors/driver_location/
Build info: version: '4.28.0', revision: 'ac342546e9'
System info: os.name: 'Mac OS X', os.arch: 'aarch64', os.version: '15.3.2', java.version: '11.0.24'
Driver info: driver.version: EdgeDriver
at org.openqa.selenium.remote.service.DriverFinder.getBinaryPaths(DriverFinder.java:121)
at org.openqa.selenium.remote.service.DriverFinder.getDriverPath(DriverFinder.java:55)
at org.openqa.selenium.edge.EdgeDriver.generateExecutor(EdgeDriver.java:71)
at org.openqa.selenium.edge.EdgeDriver.<init>(EdgeDriver.java:60)
at org.openqa.selenium.edge.EdgeDriver.<init>(EdgeDriver.java:56)
at org.openqa.selenium.edge.EdgeDriver.<init>(EdgeDriver.java:48)
at org.openqa.selenium.edge.EdgeDriver.<init>(EdgeDriver.java:44)
at automation.common.CommonBase.initBrowser(CommonBase.java:42)
at automation.testsuite.Day16_QuanLyKLV_Test.openBrowser(Day16_QuanLyKLV_Test.java:27)
at java.base/jdk.internal.reflect.NativeMethodAccessorImpl.invoke0(Native Method)
at java.base/jdk.internal.reflect.NativeMethodAccessorImpl.invoke(NativeMethodAccessorImpl.java:62)
at java.base/jdk.internal.reflect.DelegatingMethodAccessorImpl.invoke(DelegatingMethodAccessorImpl.java:43)
at java.base/java.lang.reflect.Method.invoke(Method.java:566)
at org.testng.internal.MethodInvocationHelper.invokeMethod(MethodInvocationHelper.java:133)
at org.testng.internal.MethodInvocationHelper.invokeMethodConsideringTimeout(MethodInvocationHelper.java:62)
at org.testng.internal.ConfigInvoker.invokeConfigurationMethod(ConfigInvoker.java:385)
at org.testng.internal.ConfigInvoker.invokeConfigurations(ConfigInvoker.java:321)
at org.testng.internal.TestInvoker.runConfigMethods(TestInvoker.java:700)
at org.testng.internal.TestInvoker.invokeMethod(TestInvoker.java:527)
at org.testng.internal.TestInvoker.invokeTestMethod(TestInvoker.java:173)
at org.testng.internal.MethodRunner.runInSequence(MethodRunner.java:46)
at org.testng.internal.TestInvoker$MethodInvocationAgent.invoke(TestInvoker.java:824)
at org.testng.internal.TestInvoker.invokeTestMethods(TestInvoker.java:146)
at org.testng.internal.TestMethodWorker.invokeTestMethods(TestMethodWorker.java:146)
at org.testng.internal.TestMethodWorker.run(TestMethodWorker.java:128)
at java.base/java.util.ArrayList.forEach(ArrayList.java:1541)
at org.testng.TestRunner.privateRun(TestRunner.java:794)
at org.testng.TestRunner.run(TestRunner.java:596)
at org.testng.SuiteRunner.runTest(SuiteRunner.java:377)
at org.testng.SuiteRunner.runSequentially(SuiteRunner.java:371)
at org.testng.SuiteRunner.privateRun(SuiteRunner.java:332)
at org.testng.SuiteRunner.run(SuiteRunner.java:276)
at org.testng.SuiteRunnerWorker.runSuite(SuiteRunnerWorker.java:53)
at org.testng.SuiteRunnerWorker.run(SuiteRunnerWorker.java:96)
at org.testng.TestNG.runSuitesSequentially(TestNG.java:1212)
at org.testng.TestNG.runSuitesLocally(TestNG.java:1134)
at org.testng.TestNG.runSuites(TestNG.java:1063)
at org.testng.TestNG.run(TestNG.java:1031)
at org.testng.remote.AbstractRemoteTestNG.run(AbstractRemoteTestNG.java:115)
at org.testng.remote.RemoteTestNG.initAndRun(RemoteTestNG.java:293)
at org.testng.remote.RemoteTestNG.main(RemoteTestNG.java:91)
Caused by: java.lang.IllegalStateException: msedgedriver must be executable: /Users/lejunnie/AutoTestClass_12/Test_Project/driver/msedgedriver
at org.openqa.selenium.internal.Require$PathStateChecker.isExecutable(Require.java:480)
at org.openqa.selenium.remote.service.DriverFinder.getBinaryPaths(DriverFinder.java:118)
... 40 more
]]>
    </error>
  </testcase> <!-- openBrowser -->
  <system-out/>
  <testcase classname="automation.testsuite.Day16_QuanLyKLV_Test" name="addKLV_successfully" time="7.172"/>
  <system-out/>
  <testcase classname="automation.testsuite.Day16_QuanLyKLV_Test" name="addKLV_successfully" time="0.000">
    <skipped/>
  </testcase> <!-- addKLV_successfully -->
  <system-out/>
  <testcase classname="automation.testsuite.Day16_QuanLyKLV_Test" name="deleteKLV_successfully" time="0.000">
    <skipped/>
  </testcase> <!-- deleteKLV_successfully -->
  <system-out/>
  <testcase classname="automation.testsuite.Day16_QuanLyKLV_Test" name="deleteKLV_successfully" time="5.534"/>
  <system-out/>
  <testcase classname="automation.testsuite.Day16_QuanLyKLV_Test" name="addKLV_unsuccessfully_TH1" time="5.532"/>
  <system-out/>
  <testcase classname="automation.testsuite.Day16_QuanLyKLV_Test" name="addKLV_unsuccessfully_TH1" time="0.000">
    <skipped/>
  </testcase> <!-- addKLV_unsuccessfully_TH1 -->
  <system-out/>
  <testcase classname="automation.testsuite.Day16_QuanLyKLV_Test" name="addKLV_unsuccessfully_TH2" time="0.000">
    <skipped/>
  </testcase> <!-- addKLV_unsuccessfully_TH2 -->
  <system-out/>
  <testcase classname="automation.testsuite.Day16_QuanLyKLV_Test" name="addKLV_unsuccessfully_TH2" time="5.762"/>
  <system-out/>
  <testcase classname="automation.testsuite.Day16_QuanLyKLV_Test" name="addKLV_unsuccessfully_TH3" time="5.951"/>
  <system-out/>
  <testcase classname="automation.testsuite.Day16_QuanLyKLV_Test" name="addKLV_unsuccessfully_TH3" time="0.000">
    <skipped/>
  </testcase> <!-- addKLV_unsuccessfully_TH3 -->
  <system-out/>
</testsuite> <!-- automation.testsuite.Day16_QuanLyKLV_Test -->
