<?xml version="1.0" encoding="UTF-8"?>
<!-- Generated by org.testng.reporters.JUnitReportReporter -->
<testsuite hostname="Junnies-MacBook-Air.local" failures="0" tests="1" name="automation.testsuite.Day17_btvn" time="15.170" errors="0" timestamp="2025-03-11T23:08:37 MYT" skipped="0">
  <testcase classname="automation.testsuite.Day17_btvn" name="zalo" time="15.170"/>
  <system-out/>
</testsuite> <!-- automation.testsuite.Day17_btvn -->
