<?xml version="1.0" encoding="UTF-8"?>
<!-- Generated by org.testng.reporters.JUnitReportReporter -->
<testsuite hostname="Junnies-MacBook-Air.local" failures="0" tests="1" name="automation.testsuite.Day14_btvn_Alada_EditInfo" time="64.164" errors="0" timestamp="2025-02-27T00:22:50 MYT" skipped="0">
  <testcase classname="automation.testsuite.Day14_btvn_Alada_EditInfo" name="EditSuccessfully" time="64.164"/>
  <system-out/>
</testsuite> <!-- automation.testsuite.Day14_btvn_Alada_EditInfo -->
