<?xml version="1.0" encoding="UTF-8"?>
<!-- Generated by org.testng.reporters.JUnitReportReporter -->
<testsuite hostname="Junnies-MacBook-Air.local" failures="0" tests="1" name="automation.testsuite.Day12_btvn" time="59.377" errors="0" timestamp="2025-02-19T18:43:22 MYT" skipped="0">
  <testcase classname="automation.testsuite.Day12_btvn" name="chooseAWSOption" time="59.377"/>
  <system-out/>
</testsuite> <!-- automation.testsuite.Day12_btvn -->
