<?xml version="1.0" encoding="UTF-8"?>
<!-- Generated by org.testng.reporters.JUnitReportReporter -->
<testsuite hostname="Junnies-MacBook-Air.local" failures="0" tests="2" name="automation.testsuite.Day18_btvn_2" time="208.418" errors="0" timestamp="2025-03-23T18:48:06 MYT" skipped="0">
  <testcase classname="automation.testsuite.Day18_btvn_2" name="lienHeMessenger" time="71.830"/>
  <system-out/>
  <testcase classname="automation.testsuite.Day18_btvn_2" name="lienHeMessenger" time="136.588"/>
  <system-out/>
</testsuite> <!-- automation.testsuite.Day18_btvn_2 -->
