<?xml version="1.0" encoding="UTF-8"?>
<!-- Generated by org.testng.reporters.JUnitReportReporter -->
<testsuite hostname="Junnies-MacBook-Air.local" failures="0" tests="1" name="automation.testsuite.Day16_btvnAlert_2" time="15.877" errors="0" timestamp="2025-03-09T18:56:55 MYT" skipped="0">
  <testcase classname="automation.testsuite.Day16_btvnAlert_2" name="pressOKButton" time="15.877"/>
  <system-out/>
</testsuite> <!-- automation.testsuite.Day16_btvnAlert_2 -->
