<?xml version="1.0" encoding="UTF-8"?>
<!-- Generated by org.testng.reporters.JUnitReportReporter -->
<testsuite hostname="Junnies-MacBook-Air.local" failures="0" tests="2" name="automation.testsuite.btvn_8" time="18.192" errors="0" timestamp="2025-02-16T15:34:08 MYT" skipped="0">
  <testcase classname="automation.testsuite.btvn_8" name="locateById" time="9.132"/>
  <system-out/>
  <testcase classname="automation.testsuite.btvn_8" name="locateByName" time="9.060"/>
  <system-out/>
</testsuite> <!-- automation.testsuite.btvn_8 -->
