<?xml version="1.0" encoding="UTF-8"?>
<!-- Generated by org.testng.reporters.JUnitReportReporter -->
<testsuite hostname="Junnies-MacBook-Air.local" failures="0" tests="1" name="automation.testsuite.Day15_Tedu_Test" time="11.800" errors="0" timestamp="2025-03-09T00:54:26 MYT" skipped="0">
  <testcase classname="automation.testsuite.Day15_Tedu_Test" name="searchKhoaHocSuccessfully" time="11.800"/>
  <system-out/>
</testsuite> <!-- automation.testsuite.Day15_Tedu_Test -->
