<?xml version="1.0" encoding="UTF-8"?>
<!-- Generated by org.testng.reporters.JUnitReportReporter -->
<testsuite hostname="Junnies-MacBook-Air.local" failures="0" tests="1" name="automation.testsuite.Day18_BepTu" time="11.048" errors="0" timestamp="2025-03-23T17:28:00 MYT" skipped="0">
  <testcase classname="automation.testsuite.Day18_BepTu" name="testBepTu_Bosch" time="11.048"/>
  <system-out/>
</testsuite> <!-- automation.testsuite.Day18_BepTu -->
