<?xml version="1.0" encoding="UTF-8"?>
<!-- Generated by org.testng.reporters.JUnitReportReporter -->
<testsuite hostname="Junnies-MacBook-Air.local" failures="0" tests="1" name="automation.testsuite.Day18_btvn_2" time="72.498" errors="0" timestamp="2025-03-23T18:19:15 MYT" skipped="0">
  <testcase classname="automation.testsuite.Day18_btvn_2" name="lienHeMessenger" time="72.498"/>
  <system-out/>
</testsuite> <!-- automation.testsuite.Day18_btvn_2 -->
