<?xml version="1.0" encoding="UTF-8"?>
<!-- Generated by org.testng.reporters.JUnitReportReporter -->
<testsuite hostname="Junnies-MacBook-Air.local" failures="0" tests="1" name="automation.testsuite.Day16_btvnAlert_3" time="5.388" errors="0" timestamp="2025-03-09T19:16:01 MYT" skipped="0">
  <testcase classname="automation.testsuite.Day16_btvnAlert_3" name="DeleteCustomer" time="5.388"/>
  <system-out/>
</testsuite> <!-- automation.testsuite.Day16_btvnAlert_3 -->
