<?xml version="1.0" encoding="UTF-8"?>
<!-- Generated by org.testng.reporters.JUnitReportReporter -->
<testsuite hostname="Junnies-MacBook-Air.local" failures="0" tests="5" name="automation.testsuite.Day13_btvn" time="54.971" errors="0" timestamp="2025-02-23T02:26:33 MYT" skipped="0">
  <testcase classname="automation.testsuite.Day13_btvn" name="loginSuccessfully" time="3.326"/>
  <system-out/>
  <testcase classname="automation.testsuite.Day13_btvn" name="loginFail_IncorrectPass" time="4.462"/>
  <system-out/>
  <testcase classname="automation.testsuite.Day13_btvn" name="loginFail_IncorrectEmail" time="3.347"/>
  <system-out/>
  <testcase classname="automation.testsuite.Day13_btvn" name="loginFail_IncorrectEmailPass" time="3.679"/>
  <system-out/>
  <testcase classname="automation.testsuite.Day13_btvn" name="logoutSuccessfully" time="40.157"/>
  <system-out/>
</testsuite> <!-- automation.testsuite.Day13_btvn -->
