<?xml version="1.0" encoding="UTF-8"?>
<!-- Generated by org.testng.reporters.JUnitReportReporter -->
<testsuite hostname="Junnies-MacBook-Air.local" failures="0" tests="2" name="automation.testsuite.Day18_btvn_1" time="160.119" errors="0" timestamp="2025-03-23T18:48:06 MYT" skipped="0">
  <testcase classname="automation.testsuite.Day18_btvn_1" name="lienHeZalo" time="61.775"/>
  <system-out/>
  <testcase classname="automation.testsuite.Day18_btvn_1" name="lienHeZalo" time="98.344"/>
  <system-out/>
</testsuite> <!-- automation.testsuite.Day18_btvn_1 -->
