<?xml version="1.0" encoding="UTF-8"?>
<!-- Generated by org.testng.reporters.JUnitReportReporter -->
<testsuite hostname="Junnies-MacBook-Air.local" failures="0" tests="4" name="automation.testsuite.Day14_LoginTest" time="193.517" errors="0" timestamp="2025-02-23T21:54:10 MYT" skipped="0">
  <testcase classname="automation.testsuite.Day14_LoginTest" name="LoginSuccessfully" time="43.770"/>
  <system-out/>
  <testcase classname="automation.testsuite.Day14_LoginTest" name="LoginFail_IncorrectPass" time="43.041"/>
  <system-out/>
  <testcase classname="automation.testsuite.Day14_LoginTest" name="LoginFail_IncorrectEmail" time="43.025"/>
  <system-out/>
  <testcase classname="automation.testsuite.Day14_LoginTest" name="Logout" time="63.681"/>
  <system-out/>
</testsuite> <!-- automation.testsuite.Day14_LoginTest -->
