<?xml version="1.0" encoding="UTF-8"?>
<!-- Generated by org.testng.reporters.JUnitReportReporter -->
<testsuite hostname="Junnies-MacBook-Air.local" failures="0" tests="1" name="automation.testsuite.Day17_iFrame" time="46.331" errors="0" timestamp="2025-03-09T22:27:57 MYT" skipped="0">
  <testcase classname="automation.testsuite.Day17_iFrame" name="findIndexIframe" time="46.331"/>
  <system-out/>
</testsuite> <!-- automation.testsuite.Day17_iFrame -->
