<?xml version="1.0" encoding="UTF-8"?>
<!-- Generated by org.testng.reporters.JUnitReportReporter -->
<testsuite hostname="Junnies-MacBook-Air.local" failures="0" tests="1" name="automation.testsuite.LoginTest" time="56.549" errors="0" timestamp="2025-02-12T20:33:45 MYT" skipped="0">
  <testcase classname="automation.testsuite.LoginTest" name="locateById" time="56.549"/>
  <system-out/>
</testsuite> <!-- automation.testsuite.LoginTest -->
