<?xml version="1.0" encoding="UTF-8"?>
<!-- Generated by org.testng.reporters.JUnitReportReporter -->
<testsuite hostname="Junnies-MacBook-Air.local" failures="0" tests="1" name="automation.testsuite.Day13_Alada_LoginTest" time="51.141" errors="0" timestamp="2025-02-22T23:21:53 MYT" skipped="0">
  <testcase classname="automation.testsuite.Day13_Alada_LoginTest" name="loginSuccessfully" time="51.141"/>
  <system-out/>
</testsuite> <!-- automation.testsuite.Day13_Alada_LoginTest -->
