<?xml version="1.0" encoding="UTF-8"?>
<!-- Generated by org.testng.reporters.JUnitReportReporter -->
<testsuite hostname="Junnies-MacBook-Air.local" failures="0" tests="1" name="automation.testsuite.Day13_CSSystem_ThemNhanVien" time="16.972" errors="0" timestamp="2025-02-26T13:56:25 MYT" skipped="0">
  <testcase classname="automation.testsuite.Day13_CSSystem_ThemNhanVien" name="themNhanVien" time="16.972"/>
  <system-out/>
</testsuite> <!-- automation.testsuite.Day13_CSSystem_ThemNhanVien -->
