<?xml version="1.0" encoding="UTF-8"?>
<!-- Generated by org.testng.reporters.JUnitReportReporter -->
<testsuite hostname="Junnies-MacBook-Air.local" failures="0" tests="3" name="automation.testsuite.Day12" time="310.478" errors="0" timestamp="2025-02-16T21:59:37 MYT" skipped="0">
  <testcase classname="automation.testsuite.Day12" name="clickMultiple" time="96.324"/>
  <system-out/>
  <testcase classname="automation.testsuite.Day12" name="clickRadioButton" time="98.760"/>
  <system-out/>
  <testcase classname="automation.testsuite.Day12" name="clickOnCheckBox" time="115.394"/>
  <system-out/>
</testsuite> <!-- automation.testsuite.Day12 -->
