<?xml version="1.0" encoding="UTF-8"?>
<!-- Generated by org.testng.reporters.JUnitReportReporter -->
<testsuite hostname="Junnies-MacBook-Air.local" failures="0" tests="1" name="automation.testsuite.LoginTest_RiseDemo" time="4.764" errors="0" timestamp="2025-02-23T22:00:36 MYT" skipped="0">
  <testcase classname="automation.testsuite.LoginTest_RiseDemo" name="loginSuccessfully" time="4.764"/>
  <system-out/>
</testsuite> <!-- automation.testsuite.LoginTest_RiseDemo -->
